<?xml version="1.0" encoding="UTF-8"?>
<!-- Generated by org.testng.reporters.JUnitReportReporter -->
<testsuite hostname="Rithvik" name="testNg.SuiteExamples" tests="2" failures="0" timestamp="25 May 2020 14:18:27 GMT" time="11.900" errors="0">
  <testcase name="openGoogle" time="8.620" classname="testNg.SuiteExamples"/>
  <testcase name="openBing" time="3.280" classname="testNg.SuiteExamples"/>
</testsuite> <!-- testNg.SuiteExamples -->
