<?xml version="1.0" encoding="UTF-8"?>
<!-- Generated by org.testng.reporters.JUnitReportReporter -->
<testsuite hostname="Rithvik" name="testNg.GroupingExamples" tests="4" failures="0" timestamp="25 May 2020 11:34:10 GMT" time="0.115" errors="0">
  <testcase name="vivo2" time="0.021" classname="testNg.GroupingExamples"/>
  <testcase name="moto1" time="0.076" classname="testNg.GroupingExamples"/>
  <testcase name="vivo1" time="0.012" classname="testNg.GroupingExamples"/>
  <testcase name="moto2" time="0.006" classname="testNg.GroupingExamples"/>
</testsuite> <!-- testNg.GroupingExamples -->
