<?xml version="1.0" encoding="UTF-8"?>
<!-- Generated by org.testng.reporters.JUnitReportReporter -->
<testsuite hostname="Rithvik" name="testNg.ParallelTestingOnTest" tests="1" failures="0" timestamp="25 May 2020 14:18:27 GMT" time="43.151" errors="0">
  <testcase name="openBrowser" time="43.151" classname="testNg.ParallelTestingOnTest"/>
</testsuite> <!-- testNg.ParallelTestingOnTest -->
