<?xml version="1.0" encoding="UTF-8"?>
<!-- Generated by org.testng.reporters.JUnitReportReporter -->
<testsuite hostname="Rithvik" name="testNg.ParameterizationExamples" tests="1" failures="0" timestamp="25 May 2020 12:59:27 GMT" time="0.099" errors="0">
  <testcase name="printname" time="0.099" classname="testNg.ParameterizationExamples"/>
</testsuite> <!-- testNg.ParameterizationExamples -->
