<?xml version="1.0" encoding="UTF-8"?>
<!-- Generated by org.testng.reporters.JUnitReportReporter -->
<testsuite hostname="Rithvik" name="testNg.ParallelTestingOnMethods" tests="2" failures="0" timestamp="25 May 2020 13:07:33 GMT" time="52.057" errors="0">
  <testcase name="openBing" time="26.396" classname="testNg.ParallelTestingOnMethods"/>
  <testcase name="openGoogle" time="25.661" classname="testNg.ParallelTestingOnMethods"/>
</testsuite> <!-- testNg.ParallelTestingOnMethods -->
