<?xml version="1.0" encoding="UTF-8"?>
<!-- Generated by org.testng.reporters.JUnitReportReporter -->
<testsuite hostname="Rithvik" name="testNg.SkipATest" tests="5" failures="0" timestamp="25 May 2020 10:47:24 GMT" time="0.156" errors="0">
  <testcase name="startTheCar" time="0.036" classname="testNg.SkipATest"/>
  <testcase name="putFirstGear" time="0.038" classname="testNg.SkipATest"/>
  <testcase name="putSecondGear" time="0.022" classname="testNg.SkipATest"/>
  <testcase name="putThirdGear" time="0.021" classname="testNg.SkipATest"/>
  <testcase name="putFourthGear" time="0.039" classname="testNg.SkipATest"/>
</testsuite> <!-- testNg.SkipATest -->
