<?xml version="1.0" encoding="UTF-8"?>
<!-- Generated by org.testng.reporters.JUnitReportReporter -->
<testsuite hostname="Rithvik" name="testNg.ThreadCountExamples" tests="6" failures="0" timestamp="25 May 2020 14:04:22 GMT" time="0.078" errors="0">
  <testcase name="test3" time="0.000" classname="testNg.ThreadCountExamples"/>
  <testcase name="test4" time="0.000" classname="testNg.ThreadCountExamples"/>
  <testcase name="test5" time="0.000" classname="testNg.ThreadCountExamples"/>
  <testcase name="test2" time="0.015" classname="testNg.ThreadCountExamples"/>
  <testcase name="test1" time="0.063" classname="testNg.ThreadCountExamples"/>
  <testcase name="test6" time="0.000" classname="testNg.ThreadCountExamples"/>
</testsuite> <!-- testNg.ThreadCountExamples -->
