<?xml version="1.0" encoding="UTF-8"?>
<!-- Generated by org.testng.reporters.JUnitReportReporter -->
<testsuite hostname="Rithvik" name="testNg.SampleTestExample" tests="1" failures="0" timestamp="1 Jun 2020 19:44:58 GMT" time="0.063" errors="0">
  <testcase name="firstTest" time="0.063" classname="testNg.SampleTestExample"/>
</testsuite> <!-- testNg.SampleTestExample -->
