<?xml version="1.0" encoding="UTF-8"?>
<!-- Generated by org.testng.reporters.JUnitReportReporter -->
<testsuite hostname="Rithvik" name="testNg.AnnotationOrder" tests="2" failures="0" timestamp="1 Jun 2020 17:17:27 GMT" time="0.110" errors="0">
  <testcase name="test2" time="0.047" classname="testNg.AnnotationOrder"/>
  <testcase name="test1" time="0.063" classname="testNg.AnnotationOrder"/>
</testsuite> <!-- testNg.AnnotationOrder -->
