<?xml version="1.0" encoding="UTF-8"?>
<!-- Generated by org.testng.reporters.JUnitReportReporter -->
<testsuite hostname="Rithvik" name="testNg.AssertionsExample" tests="1" failures="0" timestamp="1 Jun 2020 16:59:59 GMT" time="0.078" errors="0">
  <testcase name="assertEg" time="0.078" classname="testNg.AssertionsExample"/>
</testsuite> <!-- testNg.AssertionsExample -->
