<?xml version="1.0" encoding="UTF-8"?>
<!-- Generated by org.testng.reporters.JUnitReportReporter -->
<testsuite hostname="Rithvik" name="testNg.DriveACar" tests="5" failures="0" timestamp="25 May 2020 10:47:24 GMT" time="0.130" errors="0">
  <testcase name="putSecondGear" time="0.027" classname="testNg.DriveACar"/>
  <testcase name="putFirstGear" time="0.021" classname="testNg.DriveACar"/>
  <testcase name="putThirdGear" time="0.035" classname="testNg.DriveACar"/>
  <testcase name="startTheCar" time="0.016" classname="testNg.DriveACar"/>
  <testcase name="putFourthGear" time="0.031" classname="testNg.DriveACar"/>
</testsuite> <!-- testNg.DriveACar -->
