<?xml version="1.0" encoding="UTF-8"?>
<!-- Generated by org.testng.reporters.JUnitReportReporter -->
<testsuite hostname="Rithvik" name="testNg.DependanciesManagement" tests="3" failures="0" timestamp="25 May 2020 10:47:24 GMT" time="0.104" errors="0">
  <testcase name="higherSecondary" time="0.016" classname="testNg.DependanciesManagement"/>
  <testcase name="highSchool" time="0.070" classname="testNg.DependanciesManagement"/>
  <testcase name="engineering" time="0.018" classname="testNg.DependanciesManagement"/>
</testsuite> <!-- testNg.DependanciesManagement -->
